<?xml version="1.0" encoding="UTF-8"?>
<!-- Generated by org.testng.reporters.JUnitReportReporter -->
<testsuite hostname="DESKTOP-7756EQR" failures="0" tests="1" name="OpenMrsTestcases.CreateAppointmentTestcase_02" time="4.078" errors="1" timestamp="2024-06-22T09:37:19 IST" skipped="0">
  <testcase classname="OpenMrsTestcases.CreateAppointmentTestcase_02" name="CreateAppointmentTestcase" time="4.078">
    <error message="session not created: This version of Microsoft Edge WebDriver only supports Microsoft Edge version 119
Current browser version is 126.0.2592.61 with binary path C:\Program Files (x86)\Microsoft\Edge\Application\msedge.exe
Build info: version: &#039;3.10.0&#039;, revision: &#039;176b4a9&#039;, time: &#039;2018-03-02T19:03:16.397Z&#039;
System info: host: &#039;DESKTOP-7756EQR&#039;, ip: &#039;192.168.1.110&#039;, os.name: &#039;Windows 10&#039;, os.arch: &#039;amd64&#039;, os.version: &#039;10.0&#039;, java.version: &#039;11.0.17&#039;
Driver info: driver.version: EdgeDriver
remote stacktrace: 	GetHandleVerifier [0x00007FF6EBB05462+60322]
	Microsoft::Applications::Events::ILogConfiguration::operator* [0x00007FF6EBA8A412+245298]
	(No symbol) [0x00007FF6EB859CE9]
	(No symbol) [0x00007FF6EB8990B9]
	(No symbol) [0x00007FF6EB8982B5]
	(No symbol) [0x00007FF6EB891EB2]
	(No symbol) [0x00007FF6EB88D1CB]
	(No symbol) [0x00007FF6EB8D428F]
	(No symbol) [0x00007FF6EB8CB8B3]
	(No symbol) [0x00007FF6EB89C5C3]
	(No symbol) [0x00007FF6EB89B9D3]
	(No symbol) [0x00007FF6EB89CD54]
	Microsoft::Applications::Events::EventProperty::to_string [0x00007FF6EBCE2084+1154308]
	(No symbol) [0x00007FF6EB91E656]
	Microsoft::Applications::Events::EventProperty::clear [0x00007FF6EB9E0AD3+36579]
	Microsoft::Applications::Events::EventProperty::clear [0x00007FF6EB9D89FD+3597]
	Microsoft::Applications::Events::EventProperty::to_string [0x00007FF6EBCE0DC4+1149508]
	Microsoft::Applications::Events::ILogConfiguration::operator* [0x00007FF6EBA93DC8+284648]
	Microsoft::Applications::Events::ILogConfiguration::operator* [0x00007FF6EBA8FB54+267636]
	Microsoft::Applications::Events::ILogConfiguration::operator* [0x00007FF6EBA8FC82+267938]
	Microsoft::Applications::Events::ILogConfiguration::operator* [0x00007FF6EBA82B31+214353]
	BaseThreadInitThunk [0x00007FF80B1C7034+20]
	RtlUserThreadStart [0x00007FF80B302651+33]
" type="org.openqa.selenium.SessionNotCreatedException">
      <![CDATA[org.openqa.selenium.SessionNotCreatedException: session not created: This version of Microsoft Edge WebDriver only supports Microsoft Edge version 119
Current browser version is 126.0.2592.61 with binary path C:\Program Files (x86)\Microsoft\Edge\Application\msedge.exe
Build info: version: '3.10.0', revision: '176b4a9', time: '2018-03-02T19:03:16.397Z'
System info: host: 'DESKTOP-7756EQR', ip: '192.168.1.110', os.name: 'Windows 10', os.arch: 'amd64', os.version: '10.0', java.version: '11.0.17'
Driver info: driver.version: EdgeDriver
remote stacktrace: GetHandleVerifier [0x00007FF6EBB05462+60322]
Microsoft::Applications::Events::ILogConfiguration::operator* [0x00007FF6EBA8A412+245298]
(No symbol) [0x00007FF6EB859CE9]
(No symbol) [0x00007FF6EB8990B9]
(No symbol) [0x00007FF6EB8982B5]
(No symbol) [0x00007FF6EB891EB2]
(No symbol) [0x00007FF6EB88D1CB]
(No symbol) [0x00007FF6EB8D428F]
(No symbol) [0x00007FF6EB8CB8B3]
(No symbol) [0x00007FF6EB89C5C3]
(No symbol) [0x00007FF6EB89B9D3]
(No symbol) [0x00007FF6EB89CD54]
Microsoft::Applications::Events::EventProperty::to_string [0x00007FF6EBCE2084+1154308]
(No symbol) [0x00007FF6EB91E656]
Microsoft::Applications::Events::EventProperty::clear [0x00007FF6EB9E0AD3+36579]
Microsoft::Applications::Events::EventProperty::clear [0x00007FF6EB9D89FD+3597]
Microsoft::Applications::Events::EventProperty::to_string [0x00007FF6EBCE0DC4+1149508]
Microsoft::Applications::Events::ILogConfiguration::operator* [0x00007FF6EBA93DC8+284648]
Microsoft::Applications::Events::ILogConfiguration::operator* [0x00007FF6EBA8FB54+267636]
Microsoft::Applications::Events::ILogConfiguration::operator* [0x00007FF6EBA8FC82+267938]
Microsoft::Applications::Events::ILogConfiguration::operator* [0x00007FF6EBA82B31+214353]
BaseThreadInitThunk [0x00007FF80B1C7034+20]
RtlUserThreadStart [0x00007FF80B302651+33]

at java.base/jdk.internal.reflect.NativeConstructorAccessorImpl.newInstance0(Native Method)
at java.base/jdk.internal.reflect.NativeConstructorAccessorImpl.newInstance(NativeConstructorAccessorImpl.java:62)
at java.base/jdk.internal.reflect.DelegatingConstructorAccessorImpl.newInstance(DelegatingConstructorAccessorImpl.java:45)
at java.base/java.lang.reflect.Constructor.newInstance(Constructor.java:490)
at org.openqa.selenium.remote.W3CHandshakeResponse.lambda$new$0(W3CHandshakeResponse.java:57)
at org.openqa.selenium.remote.W3CHandshakeResponse.lambda$getResponseFunction$2(W3CHandshakeResponse.java:104)
at org.openqa.selenium.remote.ProtocolHandshake.lambda$createSession$0(ProtocolHandshake.java:123)
at java.base/java.util.stream.ReferencePipeline$3$1.accept(ReferencePipeline.java:195)
at java.base/java.util.Spliterators$ArraySpliterator.tryAdvance(Spliterators.java:958)
at java.base/java.util.stream.ReferencePipeline.forEachWithCancel(ReferencePipeline.java:127)
at java.base/java.util.stream.AbstractPipeline.copyIntoWithCancel(AbstractPipeline.java:502)
at java.base/java.util.stream.AbstractPipeline.copyInto(AbstractPipeline.java:488)
at java.base/java.util.stream.AbstractPipeline.wrapAndCopyInto(AbstractPipeline.java:474)
at java.base/java.util.stream.FindOps$FindOp.evaluateSequential(FindOps.java:150)
at java.base/java.util.stream.AbstractPipeline.evaluate(AbstractPipeline.java:234)
at java.base/java.util.stream.ReferencePipeline.findFirst(ReferencePipeline.java:543)
at org.openqa.selenium.remote.ProtocolHandshake.createSession(ProtocolHandshake.java:126)
at org.openqa.selenium.remote.ProtocolHandshake.createSession(ProtocolHandshake.java:73)
at org.openqa.selenium.remote.HttpCommandExecutor.execute(HttpCommandExecutor.java:138)
at org.openqa.selenium.remote.service.DriverCommandExecutor.execute(DriverCommandExecutor.java:83)
at org.openqa.selenium.remote.RemoteWebDriver.execute(RemoteWebDriver.java:601)
at org.openqa.selenium.remote.RemoteWebDriver.startSession(RemoteWebDriver.java:219)
at org.openqa.selenium.remote.RemoteWebDriver.<init>(RemoteWebDriver.java:142)
at org.openqa.selenium.edge.EdgeDriver.<init>(EdgeDriver.java:141)
at org.openqa.selenium.edge.EdgeDriver.<init>(EdgeDriver.java:96)
at OpenMrsTestcases.CreateAppointmentTestcase_02.CreateAppointmentTestcase(CreateAppointmentTestcase_02.java:20)
at java.base/jdk.internal.reflect.NativeMethodAccessorImpl.invoke0(Native Method)
at java.base/jdk.internal.reflect.NativeMethodAccessorImpl.invoke(NativeMethodAccessorImpl.java:62)
at java.base/jdk.internal.reflect.DelegatingMethodAccessorImpl.invoke(DelegatingMethodAccessorImpl.java:43)
at java.base/java.lang.reflect.Method.invoke(Method.java:566)
at org.testng.internal.MethodInvocationHelper.invokeMethod(MethodInvocationHelper.java:132)
at org.testng.internal.TestInvoker.invokeMethod(TestInvoker.java:599)
at org.testng.internal.TestInvoker.invokeTestMethod(TestInvoker.java:174)
at org.testng.internal.MethodRunner.runInSequence(MethodRunner.java:46)
at org.testng.internal.TestInvoker$MethodInvocationAgent.invoke(TestInvoker.java:822)
at org.testng.internal.TestInvoker.invokeTestMethods(TestInvoker.java:147)
at org.testng.internal.TestMethodWorker.invokeTestMethods(TestMethodWorker.java:146)
at org.testng.internal.TestMethodWorker.run(TestMethodWorker.java:128)
at java.base/java.util.ArrayList.forEach(ArrayList.java:1541)
at org.testng.TestRunner.privateRun(TestRunner.java:764)
at org.testng.TestRunner.run(TestRunner.java:585)
at org.testng.SuiteRunner.runTest(SuiteRunner.java:384)
at org.testng.SuiteRunner.runSequentially(SuiteRunner.java:378)
at org.testng.SuiteRunner.privateRun(SuiteRunner.java:337)
at org.testng.SuiteRunner.run(SuiteRunner.java:286)
at org.testng.SuiteRunnerWorker.runSuite(SuiteRunnerWorker.java:53)
at org.testng.SuiteRunnerWorker.run(SuiteRunnerWorker.java:96)
at org.testng.TestNG.runSuitesSequentially(TestNG.java:1218)
at org.testng.TestNG.runSuitesLocally(TestNG.java:1140)
at org.testng.TestNG.runSuites(TestNG.java:1069)
at org.testng.TestNG.run(TestNG.java:1037)
at org.testng.remote.AbstractRemoteTestNG.run(AbstractRemoteTestNG.java:115)
at org.testng.remote.RemoteTestNG.initAndRun(RemoteTestNG.java:251)
at org.testng.remote.RemoteTestNG.main(RemoteTestNG.java:77)
]]>
    </error>
  </testcase> <!-- CreateAppointmentTestcase -->
  <system-out/>
</testsuite> <!-- OpenMrsTestcases.CreateAppointmentTestcase_02 -->
